{"name": "User can loop through dress colors", "status": "failed", "statusDetails": {"message": "AssertionError: Expected Black, but got Emerald \n", "trace": "  File \"c:\\users\\rapid\\appdata\\local\\programs\\python\\python38-32\\lib\\site-packages\\behave\\model.py\", line 1329, in run\n    match.run(runner.context)\n  File \"c:\\users\\rapid\\appdata\\local\\programs\\python\\python38-32\\lib\\site-packages\\behave\\matchers.py\", line 98, in run\n    self.func(context, *args, **kwargs)\n  File \"features\\steps\\hw5.1_color_selection_loop.py\", line 38, in verify_colors\n    assert actual_color == expected_colors[x], f'Expected {expected_colors[x]}, but got {actual_color} '\n"}, "steps": [{"name": "Given Open Amazon dress B07K16Z8LH page", "status": "passed", "start": 1579742688664, "stop": 1579742691551}, {"name": "Then Verify user can select through colors of women clothes", "status": "failed", "statusDetails": {"message": "AssertionError: Expected Black, but got Emerald \n", "trace": "  File \"c:\\users\\rapid\\appdata\\local\\programs\\python\\python38-32\\lib\\site-packages\\behave\\model.py\", line 1329, in run\n    match.run(runner.context)\n  File \"c:\\users\\rapid\\appdata\\local\\programs\\python\\python38-32\\lib\\site-packages\\behave\\matchers.py\", line 98, in run\n    self.func(context, *args, **kwargs)\n  File \"features\\steps\\hw5.1_color_selection_loop.py\", line 38, in verify_colors\n    assert actual_color == expected_colors[x], f'Expected {expected_colors[x]}, but got {actual_color} '\n"}, "start": 1579742691551, "stop": 1579742691899}], "start": 1579742679520, "stop": 1579742694086, "uuid": "51081b4e-0c54-488a-80c0-5d0c603d739e", "historyId": "742c6485a6ef9c6443db90b0e0674420", "labels": [{"name": "severity", "value": "normal"}, {"name": "feature", "value": "Test for dress selection"}, {"name": "framework", "value": "behave"}, {"name": "language", "value": "cpython3"}]}