{"name": "User can loop through dress colors", "status": "failed", "statusDetails": {"message": "AssertionError: Expected Black, but got Emerald \n", "trace": "  File \"c:\\users\\rapid\\appdata\\local\\programs\\python\\python38-32\\lib\\site-packages\\behave\\model.py\", line 1329, in run\n    match.run(runner.context)\n  File \"c:\\users\\rapid\\appdata\\local\\programs\\python\\python38-32\\lib\\site-packages\\behave\\matchers.py\", line 98, in run\n    self.func(context, *args, **kwargs)\n  File \"features\\steps\\hw5.1_color_selection_loop.py\", line 38, in verify_colors\n    assert actual_color == expected_colors[x], f'Expected {expected_colors[x]}, but got {actual_color} '\n"}, "steps": [{"name": "Given Open Amazon dress B07K16Z8LH page", "status": "passed", "start": 1576470525329, "stop": 1576470529734}, {"name": "Then Verify user can select through colors of women clothes", "status": "failed", "statusDetails": {"message": "AssertionError: Expected Black, but got Emerald \n", "trace": "  File \"c:\\users\\rapid\\appdata\\local\\programs\\python\\python38-32\\lib\\site-packages\\behave\\model.py\", line 1329, in run\n    match.run(runner.context)\n  File \"c:\\users\\rapid\\appdata\\local\\programs\\python\\python38-32\\lib\\site-packages\\behave\\matchers.py\", line 98, in run\n    self.func(context, *args, **kwargs)\n  File \"features\\steps\\hw5.1_color_selection_loop.py\", line 38, in verify_colors\n    assert actual_color == expected_colors[x], f'Expected {expected_colors[x]}, but got {actual_color} '\n"}, "start": 1576470529734, "stop": 1576470529949}], "start": 1576470516082, "stop": 1576470532100, "uuid": "2d87d514-c0a7-44f8-9a6f-176b5e52d65c", "historyId": "742c6485a6ef9c6443db90b0e0674420", "labels": [{"name": "severity", "value": "normal"}, {"name": "feature", "value": "Test for dress selection"}, {"name": "framework", "value": "behave"}, {"name": "language", "value": "cpython3"}]}